Watching for file changes with StatReloader
C:\Users\User\PycharmProjects\simple_game\game\models.py changed, reloading.
Watching for file changes with StatReloader
C:\Users\User\PycharmProjects\simple_game\game\views.py changed, reloading.
Watching for file changes with StatReloader
Watching for file changes with StatReloader
Not Found: /
"GET / HTTP/1.1" 404 4586
Watching for file changes with StatReloader
Not Found: /
"GET / HTTP/1.1" 404 4586
"GET /character-creation/ HTTP/1.1" 200 1943
"GET /static/js/game.js HTTP/1.1" 200 6913
"GET /static/css/style.css HTTP/1.1" 200 1676
Not Found: /favicon.ico
"GET /favicon.ico HTTP/1.1" 404 4637
Watching for file changes with StatReloader
Not Found: /
"GET / HTTP/1.1" 404 4586
Not Found: /favicon.ico
"GET /favicon.ico HTTP/1.1" 404 4637
"GET /character-creation/ HTTP/1.1" 200 1943
"GET /static/js/game.js HTTP/1.1" 200 6913
"GET /static/css/style.css HTTP/1.1" 200 1676
Watching for file changes with StatReloader
C:\Users\User\PycharmProjects\simple_game\game\views.py changed, reloading.
Watching for file changes with StatReloader
"GET /character-creation/ HTTP/1.1" 200 1316
"GET /static/js/game.js HTTP/1.1" 200 15265
"GET /static/css/style.css HTTP/1.1" 200 3206
"GET /api/character/creation/ HTTP/1.1" 200 1132
Not Found: /favicon.ico
"GET /favicon.ico HTTP/1.1" 404 4637
"POST /api/character/creation/ HTTP/1.1" 200 213
"GET /battle/ HTTP/1.1" 200 1911
"GET /api/character/creation/ HTTP/1.1" 200 1132
"GET /character-creation/ HTTP/1.1" 200 1316
"GET /api/character/creation/ HTTP/1.1" 200 1132
"POST /api/character/creation/ HTTP/1.1" 200 226
"GET /battle/ HTTP/1.1" 200 1911
"GET /static/js/game.js HTTP/1.1" 304 0
"GET /static/css/style.css HTTP/1.1" 304 0
"GET /api/character/creation/ HTTP/1.1" 200 1132
"GET /character-creation/ HTTP/1.1" 200 1316
"GET /api/character/creation/ HTTP/1.1" 200 1132
"POST /api/character/creation/ HTTP/1.1" 200 229
"GET /battle/ HTTP/1.1" 200 1911
"GET /api/character/creation/ HTTP/1.1" 200 1132
C:\Users\User\PycharmProjects\simple_game\config\settings.py changed, reloading.
Watching for file changes with StatReloader
C:\Users\User\PycharmProjects\simple_game\config\settings.py changed, reloading.
INFO 2025-09-02 22:24:07,068 autoreload 16312 15164 Watching for file changes with StatReloader
INFO 2025-09-02 22:24:10,795 autoreload 6580 2476 Watching for file changes with StatReloader
WARNING 2025-09-02 22:24:12,595 log 6580 3576 Not Found: /
WARNING 2025-09-02 22:24:12,596 basehttp 6580 3576 "GET / HTTP/1.1" 404 4586
INFO 2025-09-02 22:24:18,039 basehttp 6580 3576 "GET /character-creation/ HTTP/1.1" 200 6227
INFO 2025-09-02 22:24:18,162 basehttp 6580 3576 "GET /static/css/style.css HTTP/1.1" 200 3206
INFO 2025-09-02 22:24:18,162 basehttp 6580 17916 "GET /static/js/game.js HTTP/1.1" 200 15336
INFO 2025-09-02 22:24:18,245 basehttp 6580 3576 "GET /api/character/creation/ HTTP/1.1" 200 1132
INFO 2025-09-02 22:24:30,958 basehttp 6580 3576 "POST /api/character/creation/ HTTP/1.1" 200 229
INFO 2025-09-02 22:24:31,000 basehttp 6580 3576 "GET /battle/ HTTP/1.1" 200 1911
WARNING 2025-09-02 22:24:31,040 log 6580 3576 Not Found: /api/character/current/
WARNING 2025-09-02 22:24:31,041 basehttp 6580 3576 "GET /api/character/current/ HTTP/1.1" 404 4670
INFO 2025-09-02 22:24:34,437 basehttp 6580 3576 "GET /character-creation/ HTTP/1.1" 200 6227
INFO 2025-09-02 22:24:34,472 basehttp 6580 3576 "GET /api/character/creation/ HTTP/1.1" 200 1132
INFO 2025-09-02 22:33:55,855 autoreload 6580 2476 C:\Users\User\PycharmProjects\simple_game\game\views.py changed, reloading.
INFO 2025-09-02 22:33:56,308 autoreload 12688 11832 Watching for file changes with StatReloader
INFO 2025-09-02 22:34:42,275 autoreload 1068 11516 Watching for file changes with StatReloader
WARNING 2025-09-02 22:34:43,918 log 1068 2900 Not Found: /
WARNING 2025-09-02 22:34:43,919 basehttp 1068 2900 "GET / HTTP/1.1" 404 4586
INFO 2025-09-02 22:34:49,105 basehttp 1068 2900 "GET /character-creation/ HTTP/1.1" 200 7244
INFO 2025-09-02 22:34:49,144 basehttp 1068 16460 "GET /static/js/game.js HTTP/1.1" 304 0
INFO 2025-09-02 22:34:49,215 basehttp 1068 2900 "GET /static/css/style.css HTTP/1.1" 200 3704
INFO 2025-09-02 22:34:49,256 basehttp 1068 2900 "GET /api/character/creation/ HTTP/1.1" 200 1132
INFO 2025-09-02 22:34:53,865 views 1068 2900 Received character creation request: {'class_id': '1', 'strength': 3, 'agility': 3, 'endurance': 1}
INFO 2025-09-02 22:34:53,866 views 1068 2900 Class ID: 1, Strength: 3, Agility: 3, Endurance: 1
INFO 2025-09-02 22:34:53,883 views 1068 2900 Character created successfully for session kfw530bhv9042njhl3fp34dr7lx4eglp
INFO 2025-09-02 22:34:53,900 basehttp 1068 2900 "POST /api/character/creation/ HTTP/1.1" 200 213
INFO 2025-09-02 22:34:53,939 basehttp 1068 2900 "GET /battle/ HTTP/1.1" 200 1911
WARNING 2025-09-02 22:34:53,982 log 1068 2900 Not Found: /api/character/current/
WARNING 2025-09-02 22:34:53,984 basehttp 1068 2900 "GET /api/character/current/ HTTP/1.1" 404 4670
INFO 2025-09-02 22:34:57,973 basehttp 1068 2900 "GET /character-creation/ HTTP/1.1" 200 7244
INFO 2025-09-02 22:34:57,987 basehttp 1068 2900 "GET /static/css/style.css HTTP/1.1" 304 0
INFO 2025-09-02 22:34:58,017 basehttp 1068 2900 "GET /api/character/creation/ HTTP/1.1" 200 1132
INFO 2025-09-02 22:35:01,730 views 1068 2900 Received character creation request: {'class_id': '2', 'strength': 2, 'agility': 2, 'endurance': 1}
INFO 2025-09-02 22:35:01,733 views 1068 2900 Class ID: 2, Strength: 2, Agility: 2, Endurance: 1
INFO 2025-09-02 22:35:01,790 views 1068 2900 Character created successfully for session kfw530bhv9042njhl3fp34dr7lx4eglp
INFO 2025-09-02 22:35:01,809 basehttp 1068 2900 "POST /api/character/creation/ HTTP/1.1" 200 226
INFO 2025-09-02 22:35:01,846 basehttp 1068 2900 "GET /battle/ HTTP/1.1" 200 1911
WARNING 2025-09-02 22:35:01,890 log 1068 2900 Not Found: /api/character/current/
WARNING 2025-09-02 22:35:01,893 basehttp 1068 2900 "GET /api/character/current/ HTTP/1.1" 404 4670
INFO 2025-09-02 22:35:03,795 basehttp 1068 2900 "GET /character-creation/ HTTP/1.1" 200 7244
INFO 2025-09-02 22:35:03,840 basehttp 1068 2900 "GET /api/character/creation/ HTTP/1.1" 200 1132
INFO 2025-09-02 22:35:06,190 views 1068 2900 Received character creation request: {'class_id': '3', 'strength': 3, 'agility': 3, 'endurance': 3}
INFO 2025-09-02 22:35:06,191 views 1068 2900 Class ID: 3, Strength: 3, Agility: 3, Endurance: 3
INFO 2025-09-02 22:35:06,246 views 1068 2900 Character created successfully for session kfw530bhv9042njhl3fp34dr7lx4eglp
INFO 2025-09-02 22:35:06,261 basehttp 1068 2900 "POST /api/character/creation/ HTTP/1.1" 200 229
INFO 2025-09-02 22:35:06,293 basehttp 1068 2900 "GET /battle/ HTTP/1.1" 200 1911
WARNING 2025-09-02 22:35:06,341 log 1068 2900 Not Found: /api/character/current/
WARNING 2025-09-02 22:35:06,344 basehttp 1068 2900 "GET /api/character/current/ HTTP/1.1" 404 4670
INFO 2025-09-02 22:35:07,923 basehttp 1068 2900 "GET /character-creation/ HTTP/1.1" 200 7244
INFO 2025-09-02 22:35:07,936 basehttp 1068 2900 "GET /static/css/style.css HTTP/1.1" 304 0
INFO 2025-09-02 22:35:07,984 basehttp 1068 2900 "GET /api/character/creation/ HTTP/1.1" 200 1132
INFO 2025-09-02 22:35:14,989 views 1068 2900 Received character creation request: {'class_id': '3', 'strength': 1, 'agility': 1, 'endurance': 1}
INFO 2025-09-02 22:35:14,990 views 1068 2900 Class ID: 3, Strength: 1, Agility: 1, Endurance: 1
INFO 2025-09-02 22:35:15,004 views 1068 2900 Character created successfully for session kfw530bhv9042njhl3fp34dr7lx4eglp
INFO 2025-09-02 22:35:15,016 basehttp 1068 2900 "POST /api/character/creation/ HTTP/1.1" 200 229
INFO 2025-09-02 22:35:15,071 basehttp 1068 2900 "GET /battle/ HTTP/1.1" 200 1911
WARNING 2025-09-02 22:35:15,123 log 1068 2900 Not Found: /api/character/current/
WARNING 2025-09-02 22:35:15,125 basehttp 1068 2900 "GET /api/character/current/ HTTP/1.1" 404 4670
INFO 2025-09-02 22:47:05,357 autoreload 13156 15420 Watching for file changes with StatReloader
WARNING 2025-09-02 22:47:07,695 log 13156 13380 Not Found: /
WARNING 2025-09-02 22:47:07,696 basehttp 13156 13380 "GET / HTTP/1.1" 404 4586
INFO 2025-09-02 22:47:12,125 basehttp 13156 13380 "GET /character-creation/ HTTP/1.1" 200 7244
INFO 2025-09-02 22:47:12,143 basehttp 13156 13380 "GET /static/css/style.css HTTP/1.1" 304 0
INFO 2025-09-02 22:47:12,224 basehttp 13156 9540 "GET /static/js/game.js HTTP/1.1" 200 17356
INFO 2025-09-02 22:47:12,233 views 13156 9540 Found 3 character classes
INFO 2025-09-02 22:47:12,255 basehttp 13156 9540 "GET /api/character/creation/ HTTP/1.1" 200 1132
INFO 2025-09-02 22:47:17,370 views 13156 9540 Received character creation request: {'class_id': '4', 'strength': 3, 'agility': 2, 'endurance': 2}
INFO 2025-09-02 22:47:17,374 views 13156 9540 Class ID: 4, Strength: 3, Agility: 2, Endurance: 2
INFO 2025-09-02 22:47:17,374 views 13156 9540 Session key: kfw530bhv9042njhl3fp34dr7lx4eglp
INFO 2025-09-02 22:47:17,379 views 13156 9540 Character data: {'class_levels': {'воин': 1}, 'attributes': {'strength': 3, 'agility': 2, 'endurance': 2}, 'weapon': {'id': 7, 'name': 'Меч', 'damage': 3, 'damage_type': 'slashing'}, 'health': 7, 'max_health': 7, 'total_level': 1, 'battle_log': []}
INFO 2025-09-02 22:47:17,435 views 13156 9540 Game session updated: GameSession kfw530bhv9042njhl3fp34dr7lx4eglp
INFO 2025-09-02 22:47:17,450 basehttp 13156 9540 "POST /api/character/creation/ HTTP/1.1" 200 213
INFO 2025-09-02 22:47:17,494 basehttp 13156 9540 "GET /battle/ HTTP/1.1" 200 1911
WARNING 2025-09-02 22:47:17,555 log 13156 9540 Not Found: /api/character/current/
WARNING 2025-09-02 22:47:17,560 basehttp 13156 9540 "GET /api/character/current/ HTTP/1.1" 404 4670
INFO 2025-09-02 22:47:19,916 basehttp 13156 9540 "GET /character-creation/ HTTP/1.1" 200 7244
INFO 2025-09-02 22:47:19,941 views 13156 9540 Found 3 character classes
INFO 2025-09-02 22:47:19,959 basehttp 13156 9540 "GET /api/character/creation/ HTTP/1.1" 200 1132
INFO 2025-09-02 22:47:31,056 views 13156 9540 Received character creation request: {'class_id': '5', 'strength': 3, 'agility': 1, 'endurance': 2}
INFO 2025-09-02 22:47:31,056 views 13156 9540 Class ID: 5, Strength: 3, Agility: 1, Endurance: 2
INFO 2025-09-02 22:47:31,057 views 13156 9540 Session key: kfw530bhv9042njhl3fp34dr7lx4eglp
INFO 2025-09-02 22:47:31,060 views 13156 9540 Character data: {'class_levels': {'варвар': 1}, 'attributes': {'strength': 3, 'agility': 1, 'endurance': 2}, 'weapon': {'id': 8, 'name': 'Дубина', 'damage': 3, 'damage_type': 'bludgeoning'}, 'health': 8, 'max_health': 8, 'total_level': 1, 'battle_log': []}
INFO 2025-09-02 22:47:31,077 views 13156 9540 Game session updated: GameSession kfw530bhv9042njhl3fp34dr7lx4eglp
INFO 2025-09-02 22:47:31,103 basehttp 13156 9540 "POST /api/character/creation/ HTTP/1.1" 200 226
INFO 2025-09-02 22:47:31,151 basehttp 13156 9540 "GET /battle/ HTTP/1.1" 200 1911
INFO 2025-09-02 22:47:31,168 basehttp 13156 9540 "GET /static/js/game.js HTTP/1.1" 304 0
WARNING 2025-09-02 22:47:31,212 log 13156 9540 Not Found: /api/character/current/
WARNING 2025-09-02 22:47:31,214 basehttp 13156 9540 "GET /api/character/current/ HTTP/1.1" 404 4670
INFO 2025-09-02 22:47:33,117 basehttp 13156 9540 "GET /character-creation/ HTTP/1.1" 200 7244
INFO 2025-09-02 22:47:33,139 views 13156 9540 Found 3 character classes
INFO 2025-09-02 22:47:33,158 basehttp 13156 9540 "GET /api/character/creation/ HTTP/1.1" 200 1132
INFO 2025-09-02 22:50:55,010 basehttp 13156 8736 "GET /character-creation/ HTTP/1.1" 200 7244
INFO 2025-09-02 22:50:55,023 basehttp 13156 8736 "GET /static/css/style.css HTTP/1.1" 304 0
INFO 2025-09-02 22:50:55,025 basehttp 13156 2536 "GET /static/js/game.js HTTP/1.1" 304 0
INFO 2025-09-02 22:50:55,035 views 13156 2536 Found 3 character classes
INFO 2025-09-02 22:50:55,048 basehttp 13156 2536 "GET /api/character/creation/ HTTP/1.1" 200 1132
INFO 2025-09-02 22:50:56,083 basehttp 13156 2536 "GET /character-creation/ HTTP/1.1" 200 7244
INFO 2025-09-02 22:50:56,104 views 13156 2536 Found 3 character classes
INFO 2025-09-02 22:50:56,121 basehttp 13156 2536 "GET /api/character/creation/ HTTP/1.1" 200 1132
INFO 2025-09-02 22:50:56,655 basehttp 13156 2536 "GET /character-creation/ HTTP/1.1" 200 7244
INFO 2025-09-02 22:50:56,677 views 13156 2536 Found 3 character classes
INFO 2025-09-02 22:50:56,702 basehttp 13156 2536 "GET /api/character/creation/ HTTP/1.1" 200 1132
INFO 2025-09-02 22:50:57,234 basehttp 13156 2536 "GET /character-creation/ HTTP/1.1" 200 7244
INFO 2025-09-02 22:50:57,256 views 13156 2536 Found 3 character classes
INFO 2025-09-02 22:50:57,281 basehttp 13156 2536 "GET /api/character/creation/ HTTP/1.1" 200 1132
INFO 2025-09-02 22:50:57,961 basehttp 13156 2536 "GET /character-creation/ HTTP/1.1" 200 7244
INFO 2025-09-02 22:50:57,985 views 13156 2536 Found 3 character classes
INFO 2025-09-02 22:50:58,007 basehttp 13156 2536 "GET /api/character/creation/ HTTP/1.1" 200 1132
INFO 2025-09-02 22:50:58,376 basehttp 13156 2536 "GET /character-creation/ HTTP/1.1" 200 7244
INFO 2025-09-02 22:50:58,401 views 13156 2536 Found 3 character classes
INFO 2025-09-02 22:50:58,421 basehttp 13156 2536 "GET /api/character/creation/ HTTP/1.1" 200 1132
INFO 2025-09-02 22:50:58,727 basehttp 13156 2536 "GET /character-creation/ HTTP/1.1" 200 7244
INFO 2025-09-02 22:50:58,749 views 13156 2536 Found 3 character classes
INFO 2025-09-02 22:50:58,770 basehttp 13156 2536 "GET /api/character/creation/ HTTP/1.1" 200 1132
INFO 2025-09-02 22:50:58,993 basehttp 13156 2536 "GET /character-creation/ HTTP/1.1" 200 7244
INFO 2025-09-02 22:50:59,014 views 13156 2536 Found 3 character classes
INFO 2025-09-02 22:50:59,038 basehttp 13156 2536 "GET /api/character/creation/ HTTP/1.1" 200 1132
INFO 2025-09-02 22:50:59,547 basehttp 13156 2536 "GET /character-creation/ HTTP/1.1" 200 7244
INFO 2025-09-02 22:50:59,572 views 13156 2536 Found 3 character classes
INFO 2025-09-02 22:50:59,596 basehttp 13156 2536 "GET /api/character/creation/ HTTP/1.1" 200 1132
INFO 2025-09-02 22:50:59,866 basehttp 13156 2536 "GET /character-creation/ HTTP/1.1" 200 7244
INFO 2025-09-02 22:50:59,883 views 13156 2536 Found 3 character classes
INFO 2025-09-02 22:50:59,905 basehttp 13156 2536 "GET /api/character/creation/ HTTP/1.1" 200 1132
INFO 2025-09-02 22:51:00,330 basehttp 13156 2536 "GET /character-creation/ HTTP/1.1" 200 7244
INFO 2025-09-02 22:51:00,355 views 13156 2536 Found 3 character classes
INFO 2025-09-02 22:51:00,374 basehttp 13156 2536 "GET /api/character/creation/ HTTP/1.1" 200 1132
INFO 2025-09-02 22:51:00,690 basehttp 13156 2536 "GET /character-creation/ HTTP/1.1" 200 7244
INFO 2025-09-02 22:51:00,717 views 13156 2536 Found 3 character classes
INFO 2025-09-02 22:51:00,740 basehttp 13156 2536 "GET /api/character/creation/ HTTP/1.1" 200 1132
INFO 2025-09-02 22:51:01,112 basehttp 13156 2536 "GET /character-creation/ HTTP/1.1" 200 7244
INFO 2025-09-02 22:51:01,130 views 13156 2536 Found 3 character classes
INFO 2025-09-02 22:51:01,146 basehttp 13156 2536 "GET /api/character/creation/ HTTP/1.1" 200 1132
INFO 2025-09-02 22:51:01,475 basehttp 13156 2536 "GET /character-creation/ HTTP/1.1" 200 7244
INFO 2025-09-02 22:51:01,493 views 13156 2536 Found 3 character classes
INFO 2025-09-02 22:51:01,509 basehttp 13156 2536 "GET /api/character/creation/ HTTP/1.1" 200 1132
INFO 2025-09-02 22:51:01,901 basehttp 13156 2536 "GET /character-creation/ HTTP/1.1" 200 7244
INFO 2025-09-02 22:51:01,925 views 13156 2536 Found 3 character classes
INFO 2025-09-02 22:51:01,952 basehttp 13156 2536 "GET /api/character/creation/ HTTP/1.1" 200 1132
INFO 2025-09-02 22:51:02,527 basehttp 13156 2536 "GET /character-creation/ HTTP/1.1" 200 7244
INFO 2025-09-02 22:51:02,551 views 13156 2536 Found 3 character classes
INFO 2025-09-02 22:51:02,571 basehttp 13156 2536 "GET /api/character/creation/ HTTP/1.1" 200 1132
INFO 2025-09-02 22:51:03,124 basehttp 13156 2536 "GET /character-creation/ HTTP/1.1" 200 7244
INFO 2025-09-02 22:51:03,146 views 13156 2536 Found 3 character classes
INFO 2025-09-02 22:51:03,172 basehttp 13156 2536 "GET /api/character/creation/ HTTP/1.1" 200 1132
INFO 2025-09-02 22:51:03,645 basehttp 13156 2536 "GET /character-creation/ HTTP/1.1" 200 7244
INFO 2025-09-02 22:51:03,667 views 13156 2536 Found 3 character classes
INFO 2025-09-02 22:51:03,693 basehttp 13156 2536 "GET /api/character/creation/ HTTP/1.1" 200 1132
INFO 2025-09-02 22:51:04,077 basehttp 13156 2536 "GET /character-creation/ HTTP/1.1" 200 7244
INFO 2025-09-02 22:51:04,101 views 13156 2536 Found 3 character classes
INFO 2025-09-02 22:51:04,129 basehttp 13156 2536 "GET /api/character/creation/ HTTP/1.1" 200 1132
INFO 2025-09-02 22:51:04,369 basehttp 13156 2536 "GET /character-creation/ HTTP/1.1" 200 7244
INFO 2025-09-02 22:51:04,389 views 13156 2536 Found 3 character classes
INFO 2025-09-02 22:51:04,420 basehttp 13156 2536 "GET /api/character/creation/ HTTP/1.1" 200 1132
INFO 2025-09-02 22:51:04,735 basehttp 13156 2536 "GET /character-creation/ HTTP/1.1" 200 7244
INFO 2025-09-02 22:51:04,754 views 13156 2536 Found 3 character classes
INFO 2025-09-02 22:51:04,772 basehttp 13156 2536 "GET /api/character/creation/ HTTP/1.1" 200 1132
INFO 2025-09-02 22:51:05,104 basehttp 13156 2536 "GET /character-creation/ HTTP/1.1" 200 7244
INFO 2025-09-02 22:51:05,122 views 13156 2536 Found 3 character classes
INFO 2025-09-02 22:51:05,140 basehttp 13156 2536 "GET /api/character/creation/ HTTP/1.1" 200 1132
INFO 2025-09-02 22:51:10,328 views 13156 2536 Received character creation request: {'class_id': '6', 'strength': 1, 'agility': 3, 'endurance': 3}
INFO 2025-09-02 22:51:10,339 views 13156 2536 Class ID: 6, Strength: 1, Agility: 3, Endurance: 3
INFO 2025-09-02 22:51:10,373 views 13156 2536 Session key: kfw530bhv9042njhl3fp34dr7lx4eglp
INFO 2025-09-02 22:51:10,381 views 13156 2536 Character data: {'class_levels': {'разбойник': 1}, 'attributes': {'strength': 1, 'agility': 3, 'endurance': 3}, 'weapon': {'id': 9, 'name': 'Кинжал', 'damage': 2, 'damage_type': 'piercing'}, 'health': 7, 'max_health': 7, 'total_level': 1, 'battle_log': []}
INFO 2025-09-02 22:51:10,436 views 13156 2536 Game session updated: GameSession kfw530bhv9042njhl3fp34dr7lx4eglp
INFO 2025-09-02 22:51:10,478 basehttp 13156 2536 "POST /api/character/creation/ HTTP/1.1" 200 229
INFO 2025-09-02 22:51:10,539 basehttp 13156 2536 "GET /battle/ HTTP/1.1" 200 1911
WARNING 2025-09-02 22:51:10,594 log 13156 2536 Not Found: /api/character/current/
WARNING 2025-09-02 22:51:10,601 basehttp 13156 2536 "GET /api/character/current/ HTTP/1.1" 404 4670
INFO 2025-09-02 22:51:15,167 basehttp 13156 2536 "GET /character-creation/ HTTP/1.1" 200 7244
INFO 2025-09-02 22:51:15,197 views 13156 2536 Found 3 character classes
INFO 2025-09-02 22:51:15,219 basehttp 13156 2536 "GET /api/character/creation/ HTTP/1.1" 200 1132
INFO 2025-09-02 22:51:22,151 autoreload 13156 15420 C:\Users\User\PycharmProjects\simple_game\game\views.py changed, reloading.
INFO 2025-09-02 22:51:22,787 autoreload 10348 16124 Watching for file changes with StatReloader
INFO 2025-09-02 22:51:39,818 autoreload 10348 16124 C:\Users\User\PycharmProjects\simple_game\game\models.py changed, reloading.
INFO 2025-09-02 22:51:40,349 autoreload 7092 9932 Watching for file changes with StatReloader
INFO 2025-09-02 23:07:35,863 autoreload 7276 8612 Watching for file changes with StatReloader
WARNING 2025-09-02 23:07:38,375 log 7276 13140 Not Found: /
WARNING 2025-09-02 23:07:38,376 basehttp 7276 13140 "GET / HTTP/1.1" 404 4586
INFO 2025-09-02 23:07:49,224 basehttp 7276 13140 "GET /character-creation/ HTTP/1.1" 200 7244
INFO 2025-09-02 23:07:49,240 basehttp 7276 13140 "GET /static/css/style.css HTTP/1.1" 304 0
INFO 2025-09-02 23:07:49,241 basehttp 7276 10528 "GET /static/js/game.js HTTP/1.1" 304 0
INFO 2025-09-02 23:07:49,262 views 7276 13140 Found 3 character classes
INFO 2025-09-02 23:07:49,282 basehttp 7276 13140 "GET /api/character/creation/ HTTP/1.1" 200 1132
INFO 2025-09-02 23:07:50,762 basehttp 7276 13140 "GET /character-creation/ HTTP/1.1" 200 7244
INFO 2025-09-02 23:07:50,785 views 7276 13140 Found 3 character classes
INFO 2025-09-02 23:07:50,800 basehttp 7276 13140 "GET /api/character/creation/ HTTP/1.1" 200 1132
WARNING 2025-09-02 23:07:53,800 log 7276 13140 Forbidden (CSRF token from the 'X-Csrftoken' HTTP header has incorrect length.): /api/character/creation/
WARNING 2025-09-02 23:07:53,851 basehttp 7276 13140 "POST /api/character/creation/ HTTP/1.1" 403 2591
WARNING 2025-09-02 23:09:49,487 log 7276 13140 Forbidden (CSRF token from the 'X-Csrftoken' HTTP header has incorrect length.): /api/character/creation/
WARNING 2025-09-02 23:09:49,540 basehttp 7276 13140 "POST /api/character/creation/ HTTP/1.1" 403 2591
INFO 2025-09-02 23:24:28,311 basehttp 7276 5648 "GET /character-creation/ HTTP/1.1" 200 7245
INFO 2025-09-02 23:24:28,328 basehttp 7276 5648 "GET /static/css/style.css HTTP/1.1" 304 0
INFO 2025-09-02 23:24:28,480 basehttp 7276 8628 "GET /static/js/game.js HTTP/1.1" 200 18045
INFO 2025-09-02 23:24:28,490 views 7276 8628 Found 3 character classes
INFO 2025-09-02 23:24:28,547 basehttp 7276 8628 "GET /api/character/creation/ HTTP/1.1" 200 1132
WARNING 2025-09-02 23:24:31,655 log 7276 8628 Forbidden (CSRF token from the 'X-Csrftoken' HTTP header has incorrect length.): /api/character/creation/
WARNING 2025-09-02 23:24:31,741 basehttp 7276 8628 "POST /api/character/creation/ HTTP/1.1" 403 2591
INFO 2025-09-02 23:31:19,554 autoreload 8964 10900 Watching for file changes with StatReloader
INFO 2025-09-02 23:31:36,018 basehttp 7276 4156 "GET /character-creation/ HTTP/1.1" 200 38207
INFO 2025-09-02 23:31:36,044 views 7276 4156 Found 3 character classes
INFO 2025-09-02 23:31:36,057 basehttp 7276 4156 "GET /api/character/creation/ HTTP/1.1" 200 1132
WARNING 2025-09-02 23:31:41,376 log 7276 4156 Forbidden (CSRF token from the 'X-Csrftoken' HTTP header has incorrect length.): /api/character/creation/
WARNING 2025-09-02 23:31:41,430 basehttp 7276 4156 "POST /api/character/creation/ HTTP/1.1" 403 2591
INFO 2025-09-02 23:37:01,384 basehttp 7276 15176 "GET /character-creation/ HTTP/1.1" 200 15291
INFO 2025-09-02 23:37:01,404 views 7276 15176 Found 3 character classes
INFO 2025-09-02 23:37:01,414 basehttp 7276 15176 "GET /api/character/creation/ HTTP/1.1" 200 1132
WARNING 2025-09-02 23:37:06,152 log 7276 15176 Forbidden (CSRF token from the 'X-Csrftoken' HTTP header has incorrect length.): /api/character/creation/
WARNING 2025-09-02 23:37:06,207 basehttp 7276 15176 "POST /api/character/creation/ HTTP/1.1" 403 2591
WARNING 2025-09-02 23:37:07,626 log 7276 15176 Forbidden (CSRF token from the 'X-Csrftoken' HTTP header has incorrect length.): /api/character/creation/
WARNING 2025-09-02 23:37:07,648 basehttp 7276 15176 "POST /api/character/creation/ HTTP/1.1" 403 2591
WARNING 2025-09-02 23:37:08,633 log 7276 15176 Forbidden (CSRF token from the 'X-Csrftoken' HTTP header has incorrect length.): /api/character/creation/
WARNING 2025-09-02 23:37:08,689 basehttp 7276 15176 "POST /api/character/creation/ HTTP/1.1" 403 2591
WARNING 2025-09-02 23:37:13,936 log 7276 15176 Forbidden (CSRF token from the 'X-Csrftoken' HTTP header has incorrect length.): /api/character/creation/
WARNING 2025-09-02 23:37:13,993 basehttp 7276 15176 "POST /api/character/creation/ HTTP/1.1" 403 2591
WARNING 2025-09-02 23:37:23,717 log 7276 15176 Forbidden (CSRF token from the 'X-Csrftoken' HTTP header has incorrect length.): /api/character/creation/
WARNING 2025-09-02 23:37:23,772 basehttp 7276 15176 "POST /api/character/creation/ HTTP/1.1" 403 2591
INFO 2025-09-02 23:43:39,585 autoreload 7276 8612 C:\Users\User\PycharmProjects\simple_game\game\urls.py changed, reloading.
INFO 2025-09-02 23:43:39,911 autoreload 2624 1380 Watching for file changes with StatReloader
INFO 2025-09-02 23:44:30,145 autoreload 2624 1380 C:\Users\User\PycharmProjects\simple_game\game\views.py changed, reloading.
INFO 2025-09-02 23:44:30,463 autoreload 14444 7420 Watching for file changes with StatReloader
INFO 2025-09-02 23:53:31,915 autoreload 14444 7420 C:\Users\User\PycharmProjects\simple_game\config\settings.py changed, reloading.
INFO 2025-09-02 23:53:32,469 autoreload 18036 15944 Watching for file changes with StatReloader
INFO 2025-09-02 23:53:43,868 basehttp 18036 14484 "GET /character-creation/ HTTP/1.1" 200 15291
INFO 2025-09-02 23:53:43,882 views 18036 14484 Found 3 character classes
INFO 2025-09-02 23:53:43,897 basehttp 18036 14484 "GET /api/character/creation/ HTTP/1.1" 200 1132
INFO 2025-09-02 23:53:54,124 autoreload 18052 8344 Watching for file changes with StatReloader
WARNING 2025-09-02 23:53:56,497 log 18052 8744 Not Found: /
WARNING 2025-09-02 23:53:56,497 basehttp 18052 8744 "GET / HTTP/1.1" 404 4876
INFO 2025-09-02 23:54:00,160 basehttp 18052 8744 "GET /character-creation/ HTTP/1.1" 200 15291
INFO 2025-09-02 23:54:00,283 views 18052 8744 Found 3 character classes
INFO 2025-09-02 23:54:00,289 basehttp 18052 8744 "GET /api/character/creation/ HTTP/1.1" 200 1132
INFO 2025-09-02 23:54:05,852 basehttp 18052 8744 "GET /character-creation/ HTTP/1.1" 200 15291
INFO 2025-09-02 23:54:05,869 views 18052 8744 Found 3 character classes
INFO 2025-09-02 23:54:05,878 basehttp 18052 8744 "GET /api/character/creation/ HTTP/1.1" 200 1132
INFO 2025-09-02 23:54:09,726 views 18052 8744 Received character creation request from session: kfw530bhv9042njhl3fp34dr7lx4eglp
INFO 2025-09-02 23:54:09,731 views 18052 8744 Creating character for session kfw530bhv9042njhl3fp34dr7lx4eglp
INFO 2025-09-02 23:54:09,746 views 18052 8744 Game session updated
INFO 2025-09-02 23:54:09,767 basehttp 18052 8744 "POST /api/character/creation/ HTTP/1.1" 200 234
INFO 2025-09-02 23:54:09,788 basehttp 18052 8744 "GET /battle/ HTTP/1.1" 200 15291
INFO 2025-09-02 23:54:09,804 views 18052 8744 Found 3 character classes
INFO 2025-09-02 23:54:09,816 basehttp 18052 8744 "GET /api/character/creation/ HTTP/1.1" 200 1132
INFO 2025-09-02 23:54:16,414 views 18052 8744 Received character creation request from session: kfw530bhv9042njhl3fp34dr7lx4eglp
INFO 2025-09-02 23:54:16,418 views 18052 8744 Creating character for session kfw530bhv9042njhl3fp34dr7lx4eglp
INFO 2025-09-02 23:54:16,427 views 18052 8744 Game session updated
INFO 2025-09-02 23:54:16,443 basehttp 18052 8744 "POST /api/character/creation/ HTTP/1.1" 200 250
INFO 2025-09-02 23:54:16,463 basehttp 18052 8744 "GET /battle/ HTTP/1.1" 200 15291
INFO 2025-09-02 23:54:16,477 views 18052 8744 Found 3 character classes
INFO 2025-09-02 23:54:16,487 basehttp 18052 8744 "GET /api/character/creation/ HTTP/1.1" 200 1132
INFO 2025-09-02 23:54:23,398 views 18052 8744 Received character creation request from session: kfw530bhv9042njhl3fp34dr7lx4eglp
INFO 2025-09-02 23:54:23,403 views 18052 8744 Creating character for session kfw530bhv9042njhl3fp34dr7lx4eglp
INFO 2025-09-02 23:54:23,413 views 18052 8744 Game session updated
INFO 2025-09-02 23:54:23,430 basehttp 18052 8744 "POST /api/character/creation/ HTTP/1.1" 200 250
INFO 2025-09-02 23:54:23,458 basehttp 18052 8744 "GET /battle/ HTTP/1.1" 200 15291
INFO 2025-09-02 23:54:23,468 views 18052 8744 Found 3 character classes
INFO 2025-09-02 23:54:23,481 basehttp 18052 8744 "GET /api/character/creation/ HTTP/1.1" 200 1132
INFO 2025-09-03 00:15:19,896 basehttp 18052 1548 "GET /character-creation/ HTTP/1.1" 200 7526
INFO 2025-09-03 00:15:20,024 basehttp 18052 1548 "GET /static/css/style.css HTTP/1.1" 200 5510
INFO 2025-09-03 00:22:10,612 autoreload 18052 8344 C:\Users\User\PycharmProjects\simple_game\game\urls.py changed, reloading.
INFO 2025-09-03 00:22:10,928 autoreload 8796 15136 Watching for file changes with StatReloader
INFO 2025-09-03 00:22:18,717 autoreload 11800 16628 Watching for file changes with StatReloader
WARNING 2025-09-03 00:22:21,412 log 11800 12700 Not Found: /
WARNING 2025-09-03 00:22:21,412 basehttp 11800 12700 "GET / HTTP/1.1" 404 4876
INFO 2025-09-03 00:22:28,175 basehttp 11800 12700 "GET /character-creation/ HTTP/1.1" 200 5600
INFO 2025-09-03 00:22:28,271 basehttp 11800 12700 "GET /static/css/style.css HTTP/1.1" 304 0
INFO 2025-09-03 00:23:08,710 basehttp 11800 12700 "GET /battle/ HTTP/1.1" 200 2698
INFO 2025-09-03 00:23:08,791 basehttp 11800 12700 "GET /static/js/battle.js HTTP/1.1" 200 10964
INFO 2025-09-03 00:23:08,798 views 11800 12700 Retrieved character for session: kfw530bhv9042njhl3fp34dr7lx4eglp
INFO 2025-09-03 00:23:08,804 basehttp 11800 12700 "GET /api/character/current/ HTTP/1.1" 200 250
WARNING 2025-09-03 00:23:08,813 log 11800 12700 Not Found: /api/battle/
WARNING 2025-09-03 00:23:08,814 basehttp 11800 12700 "GET /api/battle/ HTTP/1.1" 404 33
INFO 2025-09-03 00:23:13,499 basehttp 11800 12700 "GET /character-creation/ HTTP/1.1" 200 5600
INFO 2025-09-03 00:23:13,506 basehttp 11800 12700 "GET /static/css/style.css HTTP/1.1" 304 0
INFO 2025-09-03 00:26:19,567 basehttp 11800 12700 "GET /character-creation/ HTTP/1.1" 200 2281
INFO 2025-09-03 00:26:19,579 basehttp 11800 13420 "GET /static/css/style.css HTTP/1.1" 200 7039
INFO 2025-09-03 00:26:19,579 basehttp 11800 12700 "GET /static/js/character_creation.js HTTP/1.1" 200 9402
INFO 2025-09-03 00:26:19,595 views 11800 13420 Found 3 character classes
INFO 2025-09-03 00:26:19,602 basehttp 11800 13420 "GET /api/character/creation/ HTTP/1.1" 200 1132
INFO 2025-09-03 00:26:22,502 basehttp 11800 13420 "GET /character-creation/ HTTP/1.1" 200 2281
INFO 2025-09-03 00:26:22,511 basehttp 11800 12700 "GET /static/js/character_creation.js HTTP/1.1" 304 0
INFO 2025-09-03 00:26:22,512 basehttp 11800 13420 "GET /static/css/style.css HTTP/1.1" 304 0
INFO 2025-09-03 00:26:22,518 views 11800 13420 Found 3 character classes
INFO 2025-09-03 00:26:22,525 basehttp 11800 13420 "GET /api/character/creation/ HTTP/1.1" 200 1132
INFO 2025-09-03 00:26:29,460 views 11800 13420 Received character creation request from session: kfw530bhv9042njhl3fp34dr7lx4eglp
INFO 2025-09-03 00:26:29,461 views 11800 13420 Creating character for session kfw530bhv9042njhl3fp34dr7lx4eglp
INFO 2025-09-03 00:26:29,470 views 11800 13420 Game session updated
INFO 2025-09-03 00:26:29,476 basehttp 11800 13420 "POST /api/character/creation/ HTTP/1.1" 200 234
INFO 2025-09-03 00:26:29,490 basehttp 11800 13420 "GET /battle/ HTTP/1.1" 200 2698
INFO 2025-09-03 00:26:29,498 basehttp 11800 12700 "GET /static/js/battle.js HTTP/1.1" 304 0
INFO 2025-09-03 00:26:29,499 basehttp 11800 13420 "GET /static/css/style.css HTTP/1.1" 304 0
INFO 2025-09-03 00:26:29,504 views 11800 12700 Retrieved character for session: kfw530bhv9042njhl3fp34dr7lx4eglp
INFO 2025-09-03 00:26:29,511 basehttp 11800 12700 "GET /api/character/current/ HTTP/1.1" 200 234
WARNING 2025-09-03 00:26:29,518 log 11800 12700 Not Found: /api/battle/
WARNING 2025-09-03 00:26:29,519 basehttp 11800 12700 "GET /api/battle/ HTTP/1.1" 404 33
